<?xml version="1.0" encoding="UTF-8"?>
<!-- Generated by org.testng.reporters.JUnitReportReporter -->
<testsuite skipped="0" hostname="HDC1-LX-446FHJX" name="tests.MercuryBookAFlight" tests="4" failures="0" timestamp="25 Feb 2018 08:12:15 GMT" time="12.712" errors="0">
  <testcase name="login" time="4.281" classname="tests.MercuryBookAFlight"/>
  <testcase name="flightFinder" time="3.393" classname="tests.MercuryBookAFlight"/>
  <testcase name="selectFlight" time="1.498" classname="tests.MercuryBookAFlight"/>
  <testcase name="bookFlight" time="3.540" classname="tests.MercuryBookAFlight"/>
</testsuite> <!-- tests.MercuryBookAFlight -->
