<?xml version="1.0" encoding="UTF-8"?>
<!-- Generated by org.testng.reporters.JUnitReportReporter -->
<testsuite skipped="0" hostname="HDC1-LX-446FHJX" name="tests.MercuryBookAFlightDDT" tests="2" failures="0" timestamp="05 Mar 2018 10:57:30 GMT" time="69.350" errors="0">
  <testcase name="bookAFlightDDT" time="35.924" classname="tests.MercuryBookAFlightDDT"/>
  <testcase name="bookAFlightDDT" time="33.426" classname="tests.MercuryBookAFlightDDT"/>
</testsuite> <!-- tests.MercuryBookAFlightDDT -->
