<?xml version="1.0" encoding="UTF-8"?>
<!-- Generated by org.testng.reporters.JUnitReportReporter -->
<testsuite skipped="0" hostname="HDC1-LX-446FHJX" name="tests.Login" tests="1" failures="0" timestamp="18 Feb 2018 08:18:42 GMT" time="14.665" errors="0">
  <testcase name="loginTest" time="14.665" classname="tests.Login"/>
</testsuite> <!-- tests.Login -->
