<?xml version="1.0" encoding="UTF-8"?>
<!-- Generated by org.testng.reporters.JUnitReportReporter -->
<testsuite skipped="0" hostname="HDC1-LX-446FHJX" name="tests.FlightFinder" tests="1" failures="0" timestamp="18 Feb 2018 11:10:56 GMT" time="29.016" errors="0">
  <testcase name="flightFinderTest" time="29.016" classname="tests.FlightFinder"/>
</testsuite> <!-- tests.FlightFinder -->
