<?xml version="1.0" encoding="UTF-8"?>
<!-- Generated by org.testng.reporters.JUnitReportReporter -->
<testsuite skipped="0" hostname="HDC1-LX-446FHJX" name="tests.SelectFlight" tests="1" failures="0" timestamp="19 Feb 2018 08:00:10 GMT" time="41.428" errors="0">
  <testcase name="selectFlightTest" time="41.428" classname="tests.SelectFlight"/>
</testsuite> <!-- tests.SelectFlight -->
