<?xml version="1.0" encoding="UTF-8"?>
<!-- Generated by org.testng.reporters.JUnitReportReporter -->
<testsuite skipped="0" hostname="HDC1-LX-446FHJX" name="tests.FlightFinder" tests="1" failures="0" timestamp="21 Feb 2018 09:29:01 GMT" time="32.046" errors="0">
  <testcase name="flightFinderTest" time="32.046" classname="tests.FlightFinder"/>
</testsuite> <!-- tests.FlightFinder -->
