<?xml version="1.0" encoding="UTF-8"?>
<!-- Generated by org.testng.reporters.JUnitReportReporter -->
<testsuite skipped="0" hostname="HDC1-LX-446FHJX" name="tests.Login" tests="1" failures="0" timestamp="25 May 2018 09:36:29 GMT" time="16.208" errors="0">
  <testcase name="loginTest" time="16.208" classname="tests.Login"/>
</testsuite> <!-- tests.Login -->
