<?xml version="1.0" encoding="UTF-8"?>
<!-- Generated by org.testng.reporters.JUnitReportReporter -->
<testsuite skipped="0" hostname="HDC1-LX-446FHJX" name="tests.MercuryBookAFlight" tests="4" failures="0" timestamp="21 Feb 2018 14:43:48 GMT" time="12.980" errors="0">
  <testcase name="login" time="4.853" classname="tests.MercuryBookAFlight"/>
  <testcase name="flightFinder" time="3.458" classname="tests.MercuryBookAFlight"/>
  <testcase name="selectFlight" time="1.669" classname="tests.MercuryBookAFlight"/>
  <testcase name="bookFlight" time="3.000" classname="tests.MercuryBookAFlight"/>
</testsuite> <!-- tests.MercuryBookAFlight -->
