<?xml version="1.0" encoding="UTF-8"?>
<!-- Generated by org.testng.reporters.JUnitReportReporter -->
<testsuite skipped="0" hostname="HDC1-LX-446FHJX" name="tests.BookAFlight" tests="1" failures="0" timestamp="21 Feb 2018 13:41:59 GMT" time="36.055" errors="0">
  <testcase name="selectFlightTest" time="36.055" classname="tests.BookAFlight"/>
</testsuite> <!-- tests.BookAFlight -->
