<?xml version="1.0" encoding="UTF-8"?>
<!-- Generated by org.testng.reporters.JUnitReportReporter -->
<testsuite skipped="0" hostname="HDC1-LX-446FHJX" name="tests.BookAFlight" tests="1" failures="0" timestamp="25 Feb 2018 08:09:06 GMT" time="21.909" errors="0">
  <testcase name="bookAFlightTest" time="21.909" classname="tests.BookAFlight"/>
</testsuite> <!-- tests.BookAFlight -->
