<?xml version="1.0" encoding="UTF-8"?>
<!-- Generated by org.testng.reporters.JUnitReportReporter -->
<testsuite skipped="0" hostname="HDC1-LX-446FHJX" name="tests.MercuryBookAFlightDDT" tests="2" failures="0" timestamp="06 Mar 2018 09:49:56 GMT" time="57.761" errors="0">
  <testcase name="bookAFlightDDT" time="27.103" classname="tests.MercuryBookAFlightDDT"/>
  <testcase name="bookAFlightDDT" time="30.658" classname="tests.MercuryBookAFlightDDT"/>
</testsuite> <!-- tests.MercuryBookAFlightDDT -->
